<?xml version="1.0" encoding="UTF-8"?>
<!-- Generated by org.testng.reporters.JUnitXMLReporter -->
<testsuite hostname="sukumars-MacBook-Pro.local" ignored="0" name="Test" tests="1" failures="1" timestamp="22 Jun 2017 11:23:53 GMT" time="28.106" errors="0">
  <testcase name="log" time="20.858" classname="script.Login">
    <failure type="org.openqa.selenium.NoSuchElementException" message="Unable to locate element: #salesmanId
For documentation on this error, please visit: http://seleniumhq.org/exceptions/no_such_element.html
Build info: version: &amp;apos;3.4.0&amp;apos;, revision: &amp;apos;unknown&amp;apos;, time: &amp;apos;unknown&amp;apos;
System info: host: &amp;apos;sukumars-MacBook-Pro.local&amp;apos;, ip: &amp;apos;fe80:0:0:0:f65c:89ff:fea4:60a7%en0&amp;apos;, os.name: &amp;apos;Mac OS X&amp;apos;, os.arch: &amp;apos;x86_64&amp;apos;, os.version: &amp;apos;10.11.6&amp;apos;, java.version: &amp;apos;1.8.0_91&amp;apos;
Driver info: org.openqa.selenium.firefox.FirefoxDriver
Capabilities [{moz:profile=/var/folders/b1/qrcxkqsj5jn35p5rp_smgl_h0000gp/T/rust_mozprofile.758gIO0Jxnj4, rotatable=false, timeouts={implicit=0.0, pageLoad=300000.0, script=30000.0}, pageLoadStrategy=normal, platform=ANY, specificationLevel=0.0, moz:accessibilityChecks=false, acceptInsecureCerts=false, browserVersion=54.0, platformVersion=15.6.0, moz:processID=7144.0, browserName=firefox, javascriptEnabled=true, platformName=darwin}]
Session ID: 124a100c-80b6-d142-9663-718653c220d3
*** Element info: {Using=id, value=salesmanId}">
      <![CDATA[org.openqa.selenium.NoSuchElementException: Unable to locate element: #salesmanId
For documentation on this error, please visit: http://seleniumhq.org/exceptions/no_such_element.html
Build info: version: '3.4.0', revision: 'unknown', time: 'unknown'
System info: host: 'sukumars-MacBook-Pro.local', ip: 'fe80:0:0:0:f65c:89ff:fea4:60a7%en0', os.name: 'Mac OS X', os.arch: 'x86_64', os.version: '10.11.6', java.version: '1.8.0_91'
Driver info: org.openqa.selenium.firefox.FirefoxDriver
Capabilities [{moz:profile=/var/folders/b1/qrcxkqsj5jn35p5rp_smgl_h0000gp/T/rust_mozprofile.758gIO0Jxnj4, rotatable=false, timeouts={implicit=0.0, pageLoad=300000.0, script=30000.0}, pageLoadStrategy=normal, platform=ANY, specificationLevel=0.0, moz:accessibilityChecks=false, acceptInsecureCerts=false, browserVersion=54.0, platformVersion=15.6.0, moz:processID=7144.0, browserName=firefox, javascriptEnabled=true, platformName=darwin}]
Session ID: 124a100c-80b6-d142-9663-718653c220d3
*** Element info: {Using=id, value=salesmanId}
	at org.openqa.selenium.remote.http.W3CHttpResponseCodec.createException(W3CHttpResponseCodec.java:150)
	at org.openqa.selenium.remote.http.W3CHttpResponseCodec.decode(W3CHttpResponseCodec.java:115)
	at org.openqa.selenium.remote.http.W3CHttpResponseCodec.decode(W3CHttpResponseCodec.java:45)
	at org.openqa.selenium.remote.HttpCommandExecutor.execute(HttpCommandExecutor.java:164)
	at org.openqa.selenium.remote.service.DriverCommandExecutor.execute(DriverCommandExecutor.java:82)
	at org.openqa.selenium.remote.RemoteWebDriver.execute(RemoteWebDriver.java:637)
	at org.openqa.selenium.remote.RemoteWebDriver.findElement(RemoteWebDriver.java:410)
	at org.openqa.selenium.remote.RemoteWebDriver.findElementById(RemoteWebDriver.java:453)
	at org.openqa.selenium.By$ById.findElement(By.java:218)
	at org.openqa.selenium.remote.RemoteWebDriver.findElement(RemoteWebDriver.java:402)
	at org.openqa.selenium.support.pagefactory.DefaultElementLocator.findElement(DefaultElementLocator.java:69)
	at org.openqa.selenium.support.pagefactory.internal.LocatingElementHandler.invoke(LocatingElementHandler.java:38)
	at com.sun.proxy.$Proxy7.sendKeys(Unknown Source)
	at con.pom.SalesPage.salesman(SalesPage.java:36)
	at script.Login.log(Login.java:20)
... Removed 29 stack frames]]>
    </failure>
  </testcase> <!-- log -->
</testsuite> <!-- Test -->
